#
# A fatal error has been detected by the Java Runtime Environment:
#
#  EXCEPTION_ACCESS_VIOLATION (0xc0000005) at pc=0x0000000068f55289, pid=7440, tid=0x0000000000001754
#
# JRE version: Java(TM) SE Runtime Environment (8.0_101-b13) (build 1.8.0_101-b13)
# Java VM: Java HotSpot(TM) 64-Bit Server VM (25.101-b13 mixed mode windows-amd64 compressed oops)
# Problematic frame:
# V  [jvm.dll+0x145289]
#
# Failed to write core dump. Minidumps are not enabled by default on client versions of Windows
#
# If you would like to submit a bug report, please visit:
#   http://bugreport.java.com/bugreport/crash.jsp
#

---------------  T H R E A D  ---------------

Current thread (0x000000001b446000):  JavaThread "JavaFX Application Thread" [_thread_in_vm, id=5972, stack(0x000000001c690000,0x000000001c790000)]

siginfo: ExceptionCode=0xc0000005, reading address 0x0000000000000000

Registers:
RAX=0x0000000000000000, RBX=0x000000001b446000, RCX=0x0000000000000600, RDX=0x0000000000000000
RSP=0x000000001c78c800, RBP=0x000000001c78c990, RSI=0x0000000000001fc0, RDI=0x0000000000000000
R8 =0x0000000000000000, R9 =0x0000000000000000, R10=0x0000000003255c48, R11=0x000000006903b4a0
R12=0x0000000000000000, R13=0x000000001977f208, R14=0x000000001c78c9f8, R15=0x000000001b446000
RIP=0x0000000068f55289, EFLAGS=0x0000000000010202

Top of Stack: (sp=0x000000001c78c800)
0x000000001c78c800:   0000000000000000 0000000180002680
0x000000001c78c810:   000000001b446000 000000001b446000
0x000000001c78c820:   000000000324835d 0000000180001236
0x000000001c78c830:   000000001977f208 000000001b43cfa0
0x000000001c78c840:   000000001977f208 000000001c78c9f8
0x000000001c78c850:   000000001b425e00 00000001800026b6
0x000000001c78c860:   000000001b4461f8 0000000000000000
0x000000001c78c870:   00000000000003d8 000000001b187670
0x000000001c78c880:   000000001977f208 000000001b446000
0x000000001c78c890:   000000001977f208 000000001b446000
0x000000001c78c8a0:   000000000324835d 0000000003255b06
0x000000001c78c8b0:   0000000000000002 000000001b446000
0x000000001c78c8c0:   000000001977f208 0000000000001fc0
0x000000001c78c8d0:   00000000000000b6 0000000003255c74
0x000000001c78c8e0:   000000001b4461f8 000000001c78c9f8
0x000000001c78c8f0:   0000000000000000 0000000000000000 

Instructions: (pc=0x0000000068f55289)
0x0000000068f55269:   a9 00 00 00 30 74 08 48 8b cb e8 c8 c6 0f 00 c7
0x0000000068f55279:   83 70 02 00 00 06 00 00 00 80 3d e8 60 6c 00 00
0x0000000068f55289:   48 8b 0f b8 10 00 00 00 ba 0c 00 00 00 0f 45 c2
0x0000000068f55299:   48 98 8b 3c 08 c7 83 70 02 00 00 07 00 00 00 83 


Register to memory mapping:

RAX=0x0000000000000000 is an unknown value
RBX=0x000000001b446000 is a thread
RCX=0x0000000000000600 is an unknown value
RDX=0x0000000000000000 is an unknown value
RSP=0x000000001c78c800 is pointing into the stack for thread: 0x000000001b446000
RBP=0x000000001c78c990 is pointing into the stack for thread: 0x000000001b446000
RSI=0x0000000000001fc0 is an unknown value
RDI=0x0000000000000000 is an unknown value
R8 =0x0000000000000000 is an unknown value
R9 =0x0000000000000000 is an unknown value
R10=0x0000000003255c48 is at code_begin+840 in an Interpreter codelet
method entry point (kind = native)  [0x0000000003255900, 0x0000000003256260]  2400 bytes
R11=0x000000006903b4a0 is an unknown value
R12=0x0000000000000000 is an unknown value
R13={method} {0x000000001977f210} 'MatchIsoTemplate' '([BJ[BJJ[Z)J' in 'SecuGen/FDxSDKPro/jni/JSGFPLib'
R14=0x000000001c78c9f8 is pointing into the stack for thread: 0x000000001b446000
R15=0x000000001b446000 is a thread


Stack: [0x000000001c690000,0x000000001c790000],  sp=0x000000001c78c800,  free space=1010k
Native frames: (J=compiled Java code, j=interpreted, Vv=VM code, C=native code)
V  [jvm.dll+0x145289]
C  [jnisgfplib.dll+0x1236]
C  [jnisgfplib.dll+0x26b6]
C  0x0000000003255c74

Java frames: (J=compiled Java code, j=interpreted, Vv=VM code)
j  SecuGen.FDxSDKPro.jni.JSGFPLib.MatchIsoTemplate([BJ[BJJ[Z)J+0
j  jcode.BiometricHelper.matchPrints([B[B)Z+97
j  receiving.ReceivingController.verifyPrint()Z+32
j  receiving.ReceivingController.lambda$populateSalaries$2(Lcom/jfoenix/controls/JFXDatePicker;Ljavafx/event/ActionEvent;)V+60
j  receiving.ReceivingController$$Lambda$304.handle(Ljavafx/event/Event;)V+12
J 2333 C1 com.sun.javafx.event.CompositeEventHandler.dispatchBubblingEvent(Ljavafx/event/Event;)V (57 bytes) @ 0x00000000039448a4 [0x00000000039444c0+0x3e4]
J 2190 C1 com.sun.javafx.event.EventHandlerManager.dispatchBubblingEvent(Ljavafx/event/Event;)Ljavafx/event/Event; (23 bytes) @ 0x00000000038e968c [0x00000000038e8fe0+0x6ac]
J 2199 C1 com.sun.javafx.event.CompositeEventDispatcher.dispatchBubblingEvent(Ljavafx/event/Event;)Ljavafx/event/Event; (35 bytes) @ 0x00000000038ed11c [0x00000000038ecf60+0x1bc]
J 2090 C1 com.sun.javafx.event.BasicEventDispatcher.dispatchEvent(Ljavafx/event/Event;Ljavafx/event/EventDispatchChain;)Ljavafx/event/Event; (44 bytes) @ 0x000000000389a0bc [0x0000000003899d80+0x33c]
J 1058 C1 com.sun.javafx.event.EventDispatchChainImpl.dispatchEvent(Ljavafx/event/Event;)Ljavafx/event/Event; (101 bytes) @ 0x000000000361917c [0x0000000003618fc0+0x1bc]
J 2090 C1 com.sun.javafx.event.BasicEventDispatcher.dispatchEvent(Ljavafx/event/Event;Ljavafx/event/EventDispatchChain;)Ljavafx/event/Event; (44 bytes) @ 0x0000000003899fd4 [0x0000000003899d80+0x254]
J 1058 C1 com.sun.javafx.event.EventDispatchChainImpl.dispatchEvent(Ljavafx/event/Event;)Ljavafx/event/Event; (101 bytes) @ 0x000000000361917c [0x0000000003618fc0+0x1bc]
J 2090 C1 com.sun.javafx.event.BasicEventDispatcher.dispatchEvent(Ljavafx/event/Event;Ljavafx/event/EventDispatchChain;)Ljavafx/event/Event; (44 bytes) @ 0x0000000003899fd4 [0x0000000003899d80+0x254]
J 1058 C1 com.sun.javafx.event.EventDispatchChainImpl.dispatchEvent(Ljavafx/event/Event;)Ljavafx/event/Event; (101 bytes) @ 0x000000000361917c [0x0000000003618fc0+0x1bc]
J 3137 C1 com.sun.javafx.event.EventUtil.fireEvent(Ljavafx/event/EventTarget;Ljavafx/event/Event;)Ljavafx/event/Event; (81 bytes) @ 0x0000000003bf1b84 [0x0000000003bf0fc0+0xbc4]
j  javafx.event.Event.fireEvent(Ljavafx/event/EventTarget;Ljavafx/event/Event;)V+30
j  javafx.scene.Node.fireEvent(Ljavafx/event/Event;)V+86
j  javafx.scene.control.Button.fire()V+15
j  com.sun.javafx.scene.control.behavior.ButtonBehavior.mouseReleased(Ljavafx/scene/input/MouseEvent;)V+23
j  com.sun.javafx.scene.control.skin.BehaviorSkinBase$1.handle(Ljavafx/scene/input/MouseEvent;)V+83
j  com.sun.javafx.scene.control.skin.BehaviorSkinBase$1.handle(Ljavafx/event/Event;)V+5
J 2666 C1 com.sun.javafx.event.CompositeEventHandler$NormalEventHandlerRecord.handleBubblingEvent(Ljavafx/event/Event;)V (11 bytes) @ 0x0000000003a6ee4c [0x0000000003a6ed40+0x10c]
J 2333 C1 com.sun.javafx.event.CompositeEventHandler.dispatchBubblingEvent(Ljavafx/event/Event;)V (57 bytes) @ 0x000000000394470c [0x00000000039444c0+0x24c]
J 2190 C1 com.sun.javafx.event.EventHandlerManager.dispatchBubblingEvent(Ljavafx/event/Event;)Ljavafx/event/Event; (23 bytes) @ 0x00000000038e968c [0x00000000038e8fe0+0x6ac]
J 2199 C1 com.sun.javafx.event.CompositeEventDispatcher.dispatchBubblingEvent(Ljavafx/event/Event;)Ljavafx/event/Event; (35 bytes) @ 0x00000000038ed11c [0x00000000038ecf60+0x1bc]
J 2090 C1 com.sun.javafx.event.BasicEventDispatcher.dispatchEvent(Ljavafx/event/Event;Ljavafx/event/EventDispatchChain;)Ljavafx/event/Event; (44 bytes) @ 0x000000000389a0bc [0x0000000003899d80+0x33c]
J 1058 C1 com.sun.javafx.event.EventDispatchChainImpl.dispatchEvent(Ljavafx/event/Event;)Ljavafx/event/Event; (101 bytes) @ 0x000000000361917c [0x0000000003618fc0+0x1bc]
J 2090 C1 com.sun.javafx.event.BasicEventDispatcher.dispatchEvent(Ljavafx/event/Event;Ljavafx/event/EventDispatchChain;)Ljavafx/event/Event; (44 bytes) @ 0x0000000003899fd4 [0x0000000003899d80+0x254]
J 1058 C1 com.sun.javafx.event.EventDispatchChainImpl.dispatchEvent(Ljavafx/event/Event;)Ljavafx/event/Event; (101 bytes) @ 0x000000000361917c [0x0000000003618fc0+0x1bc]
J 2090 C1 com.sun.javafx.event.BasicEventDispatcher.dispatchEvent(Ljavafx/event/Event;Ljavafx/event/EventDispatchChain;)Ljavafx/event/Event; (44 bytes) @ 0x0000000003899fd4 [0x0000000003899d80+0x254]
J 1058 C1 com.sun.javafx.event.EventDispatchChainImpl.dispatchEvent(Ljavafx/event/Event;)Ljavafx/event/Event; (101 bytes) @ 0x000000000361917c [0x0000000003618fc0+0x1bc]
J 3137 C1 com.sun.javafx.event.EventUtil.fireEvent(Ljavafx/event/EventTarget;Ljavafx/event/Event;)Ljavafx/event/Event; (81 bytes) @ 0x0000000003bf16f4 [0x0000000003bf0fc0+0x734]
J 2531 C1 javafx.scene.Scene$MouseHandler.process(Ljavafx/scene/input/MouseEvent;Z)V (735 bytes) @ 0x0000000003a0b19c [0x0000000003a08660+0x2b3c]
J 2530 C1 javafx.scene.Scene$MouseHandler.access$1500(Ljavafx/scene/Scene$MouseHandler;Ljavafx/scene/input/MouseEvent;Z)V (7 bytes) @ 0x0000000003a05fdc [0x0000000003a05f80+0x5c]
j  javafx.scene.Scene.impl_processMouseEvent(Ljavafx/scene/input/MouseEvent;)V+6
j  javafx.scene.Scene$ScenePeerListener.mouseEvent(Ljavafx/event/EventType;DDDDLjavafx/scene/input/MouseButton;ZZZZZZZZZ)V+46
j  com.sun.javafx.tk.quantum.GlassViewEventHandler$MouseEventNotification.run()Ljava/lang/Void;+514
j  com.sun.javafx.tk.quantum.GlassViewEventHandler$MouseEventNotification.run()Ljava/lang/Object;+1
v  ~StubRoutines::call_stub
J 1538  java.security.AccessController.doPrivileged(Ljava/security/PrivilegedAction;Ljava/security/AccessControlContext;)Ljava/lang/Object; (0 bytes) @ 0x000000000374ea26 [0x000000000374e9c0+0x66]
J 3261 C1 com.sun.javafx.tk.quantum.GlassViewEventHandler$$Lambda$174.get()Ljava/lang/Object; (8 bytes) @ 0x0000000003c63e4c [0x0000000003c63c60+0x1ec]
J 2655 C1 com.sun.javafx.tk.quantum.QuantumToolkit.runWithoutRenderLock(Ljava/util/function/Supplier;)Ljava/lang/Object; (49 bytes) @ 0x0000000003a697e4 [0x0000000003a692a0+0x544]
J 3258 C1 com.sun.javafx.tk.quantum.GlassViewEventHandler.handleMouseEvent(Lcom/sun/glass/ui/View;JIIIIIIIZZ)V (108 bytes) @ 0x0000000003c62ce4 [0x0000000003c628c0+0x424]
J 2717 C1 com.sun.glass.ui.View.notifyMouse(IIIIIIIZZ)V (221 bytes) @ 0x0000000003a87e9c [0x0000000003a86e20+0x107c]
v  ~StubRoutines::call_stub
j  com.sun.glass.ui.win.WinApplication._runLoop(Ljava/lang/Runnable;)V+0
j  com.sun.glass.ui.win.WinApplication.lambda$null$148(ILjava/lang/Runnable;)V+8
j  com.sun.glass.ui.win.WinApplication$$Lambda$38.run()V+12
j  java.lang.Thread.run()V+11
v  ~StubRoutines::call_stub

---------------  P R O C E S S  ---------------

Java Threads: ( => current thread )
  0x000000001c212000 JavaThread "Prism Font Disposer" daemon [_thread_blocked, id=9748, stack(0x000000001fce0000,0x000000001fde0000)]
  0x000000001bd1b800 JavaThread "Thread-3" daemon [_thread_in_native, id=3148, stack(0x000000001d9d0000,0x000000001dad0000)]
  0x000000001bd1a800 JavaThread "JavaFX-Launcher" [_thread_blocked, id=6320, stack(0x000000001e660000,0x000000001e760000)]
=>0x000000001b446000 JavaThread "JavaFX Application Thread" [_thread_in_vm, id=5972, stack(0x000000001c690000,0x000000001c790000)]
  0x000000001bd13000 JavaThread "Thread-1" daemon [_thread_blocked, id=432, stack(0x000000001c590000,0x000000001c690000)]
  0x000000001b451000 JavaThread "QuantumRenderer-0" daemon [_thread_blocked, id=11984, stack(0x000000001ba70000,0x000000001bb70000)]
  0x000000001b140000 JavaThread "Service Thread" daemon [_thread_blocked, id=2728, stack(0x000000001b870000,0x000000001b970000)]
  0x0000000019a8e800 JavaThread "C1 CompilerThread2" daemon [_thread_blocked, id=11776, stack(0x000000001b770000,0x000000001b870000)]
  0x000000001b0e9800 JavaThread "C2 CompilerThread1" daemon [_thread_blocked, id=12280, stack(0x000000001b670000,0x000000001b770000)]
  0x000000001b0e7800 JavaThread "C2 CompilerThread0" daemon [_thread_blocked, id=12204, stack(0x000000001b570000,0x000000001b670000)]
  0x000000001b09d000 JavaThread "Monitor Ctrl-Break" daemon [_thread_in_native, id=11492, stack(0x000000001b470000,0x000000001b570000)]
  0x0000000019a37800 JavaThread "Attach Listener" daemon [_thread_blocked, id=12344, stack(0x000000001af70000,0x000000001b070000)]
  0x0000000019a36800 JavaThread "Signal Dispatcher" daemon [_thread_blocked, id=7336, stack(0x000000001ae70000,0x000000001af70000)]
  0x000000000323d800 JavaThread "Finalizer" daemon [_thread_blocked, id=1148, stack(0x000000001ac80000,0x000000001ad80000)]
  0x0000000003232000 JavaThread "Reference Handler" daemon [_thread_blocked, id=4188, stack(0x000000001ab80000,0x000000001ac80000)]
  0x0000000003142800 JavaThread "main" [_thread_blocked, id=10256, stack(0x0000000002e60000,0x0000000002f60000)]

Other Threads:
  0x00000000199f7000 VMThread [stack: 0x000000001aa80000,0x000000001ab80000] [id=7888]
  0x000000001b185000 WatcherThread [stack: 0x000000001b970000,0x000000001ba70000] [id=1548]

VM state:not at safepoint (normal execution)

VM Mutex/Monitor currently owned by a thread: None

Heap:
 PSYoungGen      total 52736K, used 27421K [0x0000000785700000, 0x0000000789180000, 0x00000007c0000000)
  eden space 45568K, 60% used [0x0000000785700000,0x00000007871c7498,0x0000000788380000)
  from space 7168K, 0% used [0x0000000788a80000,0x0000000788a80000,0x0000000789180000)
  to   space 7168K, 0% used [0x0000000788380000,0x0000000788380000,0x0000000788a80000)
 ParOldGen       total 65024K, used 8286K [0x0000000710400000, 0x0000000714380000, 0x0000000785700000)
  object space 65024K, 12% used [0x0000000710400000,0x0000000710c17938,0x0000000714380000)
 Metaspace       used 24120K, capacity 25266K, committed 25472K, reserved 1071104K
  class space    used 3398K, capacity 3652K, committed 3712K, reserved 1048576K

Card table byte_map: [0x0000000012600000,0x0000000012b80000] byte_map_base: 0x000000000ed7e000

Marking Bits: (ParMarkBitMap*) 0x000000006962a6d0
 Begin Bits: [0x0000000013330000, 0x0000000015f20000)
 End Bits:   [0x0000000015f20000, 0x0000000018b10000)

Polling page: 0x0000000002d10000

CodeCache: size=245760Kb used=10633Kb max_used=10633Kb free=235126Kb
 bounds [0x0000000003240000, 0x0000000003cb0000, 0x0000000012240000]
 total_blobs=4108 nmethods=3366 adapters=654
 compilation: enabled

Compilation events (10 events):
Event: 20.448 Thread 0x0000000019a8e800 3361       3       com.sun.prism.impl.BaseContext::validateMaskTexture (265 bytes)
Event: 20.449 Thread 0x0000000019a8e800 nmethod 3361 0x0000000003ca5010 code [0x0000000003ca52e0, 0x0000000003ca6a18]
Event: 20.463 Thread 0x0000000019a8e800 3363       3       com.sun.javafx.geom.Path2D::<init> (8 bytes)
Event: 20.463 Thread 0x0000000019a8e800 nmethod 3363 0x0000000003ca2590 code [0x0000000003ca2720, 0x0000000003ca2bd0]
Event: 20.463 Thread 0x0000000019a8e800 3364       3       com.sun.scenario.effect.impl.prism.ps.PPSRenderer::clearImage (10 bytes)
Event: 20.464 Thread 0x0000000019a8e800 nmethod 3364 0x0000000003ca7490 code [0x0000000003ca7640, 0x0000000003ca7dd8]
Event: 20.464 Thread 0x0000000019a8e800 3365       3       com.sun.scenario.effect.impl.prism.PrDrawable::clear (12 bytes)
Event: 20.464 Thread 0x0000000019a8e800 nmethod 3365 0x0000000003ca8110 code [0x0000000003ca82a0, 0x0000000003ca8698]
Event: 20.464 Thread 0x0000000019a8e800 3366       1       com.sun.scenario.effect.impl.prism.PrTexture::getNativeBounds (5 bytes)
Event: 20.464 Thread 0x0000000019a8e800 nmethod 3366 0x0000000003ca87d0 code [0x0000000003ca8920, 0x0000000003ca8a30]

GC Heap History (6 events):
Event: 12.717 GC heap before
{Heap before GC invocations=1 (full 0):
 PSYoungGen      total 52736K, used 45568K [0x0000000785700000, 0x0000000789180000, 0x00000007c0000000)
  eden space 45568K, 100% used [0x0000000785700000,0x0000000788380000,0x0000000788380000)
  from space 7168K, 0% used [0x0000000788a80000,0x0000000788a80000,0x0000000789180000)
  to   space 7168K, 0% used [0x0000000788380000,0x0000000788380000,0x0000000788a80000)
 ParOldGen       total 120320K, used 0K [0x0000000710400000, 0x0000000717980000, 0x0000000785700000)
  object space 120320K, 0% used [0x0000000710400000,0x0000000710400000,0x0000000717980000)
 Metaspace       used 16184K, capacity 16804K, committed 16896K, reserved 1062912K
  class space    used 2323K, capacity 2509K, committed 2560K, reserved 1048576K
Event: 12.725 GC heap after
Heap after GC invocations=1 (full 0):
 PSYoungGen      total 52736K, used 6520K [0x0000000785700000, 0x0000000789180000, 0x00000007c0000000)
  eden space 45568K, 0% used [0x0000000785700000,0x0000000785700000,0x0000000788380000)
  from space 7168K, 90% used [0x0000000788380000,0x00000007889de288,0x0000000788a80000)
  to   space 7168K, 0% used [0x0000000788a80000,0x0000000788a80000,0x0000000789180000)
 ParOldGen       total 120320K, used 80K [0x0000000710400000, 0x0000000717980000, 0x0000000785700000)
  object space 120320K, 0% used [0x0000000710400000,0x0000000710414010,0x0000000717980000)
 Metaspace       used 16184K, capacity 16804K, committed 16896K, reserved 1062912K
  class space    used 2323K, capacity 2509K, committed 2560K, reserved 1048576K
}
Event: 13.122 GC heap before
{Heap before GC invocations=2 (full 0):
 PSYoungGen      total 52736K, used 23001K [0x0000000785700000, 0x0000000789180000, 0x00000007c0000000)
  eden space 45568K, 36% used [0x0000000785700000,0x00000007867183d0,0x0000000788380000)
  from space 7168K, 90% used [0x0000000788380000,0x00000007889de288,0x0000000788a80000)
  to   space 7168K, 0% used [0x0000000788a80000,0x0000000788a80000,0x0000000789180000)
 ParOldGen       total 120320K, used 80K [0x0000000710400000, 0x0000000717980000, 0x0000000785700000)
  object space 120320K, 0% used [0x0000000710400000,0x0000000710414010,0x0000000717980000)
 Metaspace       used 20407K, capacity 21194K, committed 21296K, reserved 1067008K
  class space    used 2929K, capacity 3160K, committed 3200K, reserved 1048576K
Event: 13.130 GC heap after
Heap after GC invocations=2 (full 0):
 PSYoungGen      total 52736K, used 7146K [0x0000000785700000, 0x0000000789180000, 0x00000007c0000000)
  eden space 45568K, 0% used [0x0000000785700000,0x0000000785700000,0x0000000788380000)
  from space 7168K, 99% used [0x0000000788a80000,0x000000078917ab10,0x0000000789180000)
  to   space 7168K, 0% used [0x0000000788380000,0x0000000788380000,0x0000000788a80000)
 ParOldGen       total 120320K, used 1657K [0x0000000710400000, 0x0000000717980000, 0x0000000785700000)
  object space 120320K, 1% used [0x0000000710400000,0x000000071059e580,0x0000000717980000)
 Metaspace       used 20407K, capacity 21194K, committed 21296K, reserved 1067008K
  class space    used 2929K, capacity 3160K, committed 3200K, reserved 1048576K
}
Event: 13.130 GC heap before
{Heap before GC invocations=3 (full 1):
 PSYoungGen      total 52736K, used 7146K [0x0000000785700000, 0x0000000789180000, 0x00000007c0000000)
  eden space 45568K, 0% used [0x0000000785700000,0x0000000785700000,0x0000000788380000)
  from space 7168K, 99% used [0x0000000788a80000,0x000000078917ab10,0x0000000789180000)
  to   space 7168K, 0% used [0x0000000788380000,0x0000000788380000,0x0000000788a80000)
 ParOldGen       total 120320K, used 1657K [0x0000000710400000, 0x0000000717980000, 0x0000000785700000)
  object space 120320K, 1% used [0x0000000710400000,0x000000071059e580,0x0000000717980000)
 Metaspace       used 20407K, capacity 21194K, committed 21296K, reserved 1067008K
  class space    used 2929K, capacity 3160K, committed 3200K, reserved 1048576K
Event: 13.162 GC heap after
Heap after GC invocations=3 (full 1):
 PSYoungGen      total 52736K, used 0K [0x0000000785700000, 0x0000000789180000, 0x00000007c0000000)
  eden space 45568K, 0% used [0x0000000785700000,0x0000000785700000,0x0000000788380000)
  from space 7168K, 0% used [0x0000000788a80000,0x0000000788a80000,0x0000000789180000)
  to   space 7168K, 0% used [0x0000000788380000,0x0000000788380000,0x0000000788a80000)
 ParOldGen       total 65024K, used 8286K [0x0000000710400000, 0x0000000714380000, 0x0000000785700000)
  object space 65024K, 12% used [0x0000000710400000,0x0000000710c17938,0x0000000714380000)
 Metaspace       used 20407K, capacity 21194K, committed 21296K, reserved 1067008K
  class space    used 2929K, capacity 3160K, committed 3200K, reserved 1048576K
}

Deoptimization events (10 events):
Event: 17.274 Thread 0x000000001b446000 Uncommon trap: reason=unstable_if action=reinterpret pc=0x0000000003805334 method=javafx.scene.CssStyleHelper.getStyle(Ljavafx/css/Styleable;Ljava/lang/String;Lcom/sun/javafx/css/StyleMap;Ljava/util/Set;)Lcom/sun/javafx/css/CascadingStyle; @ 8
Event: 17.275 Thread 0x000000001b446000 Uncommon trap: reason=unstable_if action=reinterpret pc=0x00000000039742b0 method=com.sun.javafx.css.StyleManager.getStyleMap(Ljavafx/css/Styleable;Ljavafx/scene/SubScene;I)Lcom/sun/javafx/css/StyleMap; @ 2
Event: 17.311 Thread 0x000000001b446000 Uncommon trap: reason=array_check action=maybe_recompile pc=0x0000000003b1930c method=com.sun.javafx.css.CompoundSelector.applies(Ljavafx/css/Styleable;[Ljava/util/Set;I)Z @ 128
Event: 17.311 Thread 0x000000001b446000 Uncommon trap: reason=array_check action=maybe_recompile pc=0x0000000003b1930c method=com.sun.javafx.css.CompoundSelector.applies(Ljavafx/css/Styleable;[Ljava/util/Set;I)Z @ 128
Event: 17.311 Thread 0x000000001b446000 Uncommon trap: reason=array_check action=maybe_recompile pc=0x0000000003b1930c method=com.sun.javafx.css.CompoundSelector.applies(Ljavafx/css/Styleable;[Ljava/util/Set;I)Z @ 128
Event: 17.311 Thread 0x000000001b446000 Uncommon trap: reason=array_check action=maybe_recompile pc=0x0000000003b1930c method=com.sun.javafx.css.CompoundSelector.applies(Ljavafx/css/Styleable;[Ljava/util/Set;I)Z @ 128
Event: 17.389 Thread 0x000000001b446000 Uncommon trap: reason=unstable_if action=reinterpret pc=0x00000000038df484 method=javafx.scene.Node.updateLocalToParentTransform()V @ 134
Event: 17.390 Thread 0x000000001b446000 Uncommon trap: reason=bimorphic action=maybe_recompile pc=0x000000000368468c method=java.util.HashMap.putVal(ILjava/lang/Object;Ljava/lang/Object;ZZ)Ljava/lang/Object; @ 203
Event: 17.398 Thread 0x000000001b451000 Uncommon trap: reason=class_check action=maybe_recompile pc=0x0000000003949ba8 method=java.util.WeakHashMap.eq(Ljava/lang/Object;Ljava/lang/Object;)Z @ 7
Event: 18.167 Thread 0x000000001b451000 Uncommon trap: reason=unstable_if action=reinterpret pc=0x0000000003a89d84 method=java.lang.Math.round(F)I @ 36

Internal exceptions (10 events):
Event: 0.775 Thread 0x000000001b446000 Exception <a 'java/lang/ArrayIndexOutOfBoundsException'> (0x0000000787010fb8) thrown at [C:\re\workspace\8-2-build-windows-amd64-cygwin\jdk8u101\7261\hotspot\src\share\vm\runtime\sharedRuntime.cpp, line 605]
Event: 0.775 Thread 0x000000001b446000 Exception <a 'java/lang/ArrayIndexOutOfBoundsException'> (0x0000000787012e60) thrown at [C:\re\workspace\8-2-build-windows-amd64-cygwin\jdk8u101\7261\hotspot\src\share\vm\runtime\sharedRuntime.cpp, line 605]
Event: 0.785 Thread 0x000000001b446000 Exception <a 'java/lang/ArrayIndexOutOfBoundsException'> (0x0000000787069ac0) thrown at [C:\re\workspace\8-2-build-windows-amd64-cygwin\jdk8u101\7261\hotspot\src\share\vm\runtime\sharedRuntime.cpp, line 605]
Event: 0.786 Thread 0x000000001b446000 Exception <a 'java/lang/ArrayIndexOutOfBoundsException'> (0x000000078706b8b0) thrown at [C:\re\workspace\8-2-build-windows-amd64-cygwin\jdk8u101\7261\hotspot\src\share\vm\runtime\sharedRuntime.cpp, line 605]
Event: 0.839 Thread 0x000000001b446000 Exception <a 'java/io/FileNotFoundException'> (0x00000007873123c0) thrown at [C:\re\workspace\8-2-build-windows-amd64-cygwin\jdk8u101\7261\hotspot\src\share\vm\prims\jni.cpp, line 709]
Event: 12.658 Thread 0x000000001b446000 Implicit null exception at 0x00000000034fa2f5 to 0x00000000034fa521
Event: 12.798 Thread 0x000000001b446000 Implicit null exception at 0x00000000034e4756 to 0x00000000034e4aad
Event: 12.900 Thread 0x000000001b446000 Exception <a 'java/lang/NoSuchMethodError': <clinit>> (0x0000000785e418a8) thrown at [C:\re\workspace\8-2-build-windows-amd64-cygwin\jdk8u101\7261\hotspot\src\share\vm\prims\jni.cpp, line 1613]
Event: 12.902 Thread 0x000000001b446000 Exception <a 'java/lang/NoSuchMethodError': <clinit>> (0x0000000785e4fec0) thrown at [C:\re\workspace\8-2-build-windows-amd64-cygwin\jdk8u101\7261\hotspot\src\share\vm\prims\jni.cpp, line 1613]
Event: 13.028 Thread 0x000000001b446000 Implicit null exception at 0x0000000003455714 to 0x0000000003455a79

Events (10 events):
Event: 18.740 loading class java/util/regex/Pattern$BnM
Event: 18.741 loading class java/util/regex/Pattern$BnM done
Event: 18.750 loading class com/sun/prism/shape/ShapeRep$InvalidationType
Event: 18.750 loading class com/sun/prism/shape/ShapeRep$InvalidationType done
Event: 20.364 loading class java/text/ParsePosition
Event: 20.364 loading class java/text/ParsePosition done
Event: 20.364 loading class java/time/format/DateTimeParseContext
Event: 20.364 loading class java/time/format/DateTimeParseContext done
Event: 20.364 loading class java/time/format/Parsed
Event: 20.365 loading class java/time/format/Parsed done


Dynamic libraries:
0x00007ff6ce3c0000 - 0x00007ff6ce3f7000 	C:\Program Files\java\jdk1.8.0_101\bin\java.exe
0x00007ff984f70000 - 0x00007ff985151000 	C:\WINDOWS\SYSTEM32\ntdll.dll
0x00007ff982840000 - 0x00007ff9828f2000 	C:\WINDOWS\System32\KERNEL32.DLL
0x00007ff981920000 - 0x00007ff981b93000 	C:\WINDOWS\System32\KERNELBASE.dll
0x00007ff9842e0000 - 0x00007ff984381000 	C:\WINDOWS\System32\ADVAPI32.dll
0x00007ff984600000 - 0x00007ff98469e000 	C:\WINDOWS\System32\msvcrt.dll
0x00007ff982400000 - 0x00007ff98245b000 	C:\WINDOWS\System32\sechost.dll
0x00007ff9824b0000 - 0x00007ff9825d4000 	C:\WINDOWS\System32\RPCRT4.dll
0x00007ff982900000 - 0x00007ff982a90000 	C:\WINDOWS\System32\USER32.dll
0x00007ff981ba0000 - 0x00007ff981bc0000 	C:\WINDOWS\System32\win32u.dll
0x00007ff9825f0000 - 0x00007ff982618000 	C:\WINDOWS\System32\GDI32.dll
0x00007ff981340000 - 0x00007ff9814d2000 	C:\WINDOWS\System32\gdi32full.dll
0x00007ff981880000 - 0x00007ff98191f000 	C:\WINDOWS\System32\msvcp_win.dll
0x00007ff9814e0000 - 0x00007ff9815da000 	C:\WINDOWS\System32\ucrtbase.dll
0x00007ff97c1e0000 - 0x00007ff97c449000 	C:\WINDOWS\WinSxS\amd64_microsoft.windows.common-controls_6595b64144ccf1df_6.0.17134.165_none_fb429645306569ac\COMCTL32.dll
0x00007ff983ee0000 - 0x00007ff984203000 	C:\WINDOWS\System32\combase.dll
0x00007ff982380000 - 0x00007ff9823fa000 	C:\WINDOWS\System32\bcryptPrimitives.dll
0x00007ff982460000 - 0x00007ff98248d000 	C:\WINDOWS\System32\IMM32.DLL
0x00000000696b0000 - 0x0000000069782000 	C:\Program Files\java\jdk1.8.0_101\jre\bin\msvcr100.dll
0x0000000068e10000 - 0x00000000696aa000 	C:\Program Files\java\jdk1.8.0_101\jre\bin\server\jvm.dll
0x00007ff9825e0000 - 0x00007ff9825e8000 	C:\WINDOWS\System32\PSAPI.DLL
0x00007ff9751a0000 - 0x00007ff9751a9000 	C:\WINDOWS\SYSTEM32\WSOCK32.dll
0x00007ff97e770000 - 0x00007ff97e793000 	C:\WINDOWS\SYSTEM32\WINMM.dll
0x00007ff984270000 - 0x00007ff9842dc000 	C:\WINDOWS\System32\WS2_32.dll
0x00007ff97f1d0000 - 0x00007ff97f1da000 	C:\WINDOWS\SYSTEM32\VERSION.dll
0x00007ff97d7c0000 - 0x00007ff97d7ea000 	C:\WINDOWS\SYSTEM32\winmmbase.dll
0x00007ff982330000 - 0x00007ff982379000 	C:\WINDOWS\System32\cfgmgr32.dll
0x0000000068e00000 - 0x0000000068e0f000 	C:\Program Files\java\jdk1.8.0_101\jre\bin\verify.dll
0x0000000068dd0000 - 0x0000000068df9000 	C:\Program Files\java\jdk1.8.0_101\jre\bin\java.dll
0x0000000068da0000 - 0x0000000068dc3000 	C:\Program Files\java\jdk1.8.0_101\jre\bin\instrument.dll
0x0000000068d80000 - 0x0000000068d96000 	C:\Program Files\java\jdk1.8.0_101\jre\bin\zip.dll
0x00007ff982aa0000 - 0x00007ff983ee0000 	C:\WINDOWS\System32\SHELL32.dll
0x00007ff982790000 - 0x00007ff982839000 	C:\WINDOWS\System32\shcore.dll
0x00007ff981c20000 - 0x00007ff98232d000 	C:\WINDOWS\System32\windows.storage.dll
0x00007ff9846a0000 - 0x00007ff9846f1000 	C:\WINDOWS\System32\shlwapi.dll
0x00007ff9812a0000 - 0x00007ff9812b1000 	C:\WINDOWS\System32\kernel.appcore.dll
0x00007ff9812c0000 - 0x00007ff9812df000 	C:\WINDOWS\System32\profapi.dll
0x00007ff9812e0000 - 0x00007ff98132c000 	C:\WINDOWS\System32\powrprof.dll
0x00007ff981330000 - 0x00007ff98133a000 	C:\WINDOWS\System32\FLTLIB.DLL
0x00007ff976670000 - 0x00007ff97668a000 	C:\Program Files\JetBrains\IntelliJ IDEA Community Edition 2017.2.4\bin\breakgen64.dll
0x0000000068d60000 - 0x0000000068d7a000 	C:\Program Files\java\jdk1.8.0_101\jre\bin\net.dll
0x00007ff980aa0000 - 0x00007ff980b06000 	C:\WINDOWS\system32\mswsock.dll
0x00007ff95db30000 - 0x00007ff95dc1f000 	C:\Program Files\java\jdk1.8.0_101\jre\bin\msvcr120.dll
0x00007ff959e30000 - 0x00007ff959ed6000 	C:\Program Files\java\jdk1.8.0_101\jre\bin\msvcp120.dll
0x0000000068d30000 - 0x0000000068d52000 	C:\Program Files\java\jdk1.8.0_101\jre\bin\prism_d3d.dll
0x00007ff94dfe0000 - 0x00007ff94e177000 	C:\WINDOWS\system32\d3d9.dll
0x00007ff97f8b0000 - 0x00007ff97f8d9000 	C:\WINDOWS\SYSTEM32\dwmapi.dll
0x00007ff97f620000 - 0x00007ff97f6b8000 	C:\WINDOWS\system32\uxtheme.dll
0x00007ff942df0000 - 0x00007ff943ea6000 	C:\WINDOWS\SYSTEM32\nvd3dumx.dll
0x0000000068ce0000 - 0x0000000068d23000 	C:\Program Files\java\jdk1.8.0_101\jre\bin\glass.dll
0x00007ff984510000 - 0x00007ff9845fd000 	C:\WINDOWS\System32\COMDLG32.dll
0x00007ff982630000 - 0x00007ff982781000 	C:\WINDOWS\System32\ole32.dll
0x00007ff984700000 - 0x00007ff9847c2000 	C:\WINDOWS\System32\OLEAUT32.dll
0x00007ff984390000 - 0x00007ff984505000 	C:\WINDOWS\System32\MSCTF.dll
0x00007ff975030000 - 0x00007ff97519c000 	C:\Program Files (x86)\NVIDIA Corporation\3D Vision\nvSCPAPI64.dll
0x00007ff984970000 - 0x00007ff984dbb000 	C:\WINDOWS\System32\SETUPAPI.dll
0x0000000180000000 - 0x000000018000b000 	C:\Windows\System32\jnisgfplib.dll
0x00007ff972dc0000 - 0x00007ff972df4000 	C:\WINDOWS\SYSTEM32\sgfplib.dll
0x0000000068c10000 - 0x0000000068cb3000 	C:\WINDOWS\WinSxS\amd64_microsoft.vc90.crt_1fc8b3b9a1e18e3b_9.0.30729.9415_none_08e0c10ba840a28a\MSVCR90.dll
0x00007ff97c090000 - 0x00007ff97c0fb000 	C:\WINDOWS\SYSTEM32\OLEACC.dll
0x00007ff97d120000 - 0x00007ff97d2d4000 	C:\WINDOWS\SYSTEM32\PROPSYS.dll
0x00007ff980d80000 - 0x00007ff980da5000 	C:\WINDOWS\SYSTEM32\bcrypt.dll
0x0000000068bf0000 - 0x0000000068c04000 	C:\Program Files\java\jdk1.8.0_101\jre\bin\javafx_font.dll
0x00007ff96d9d0000 - 0x00007ff96dcec000 	C:\WINDOWS\SYSTEM32\dwrite.dll
0x00007ff984dc0000 - 0x00007ff984e60000 	C:\WINDOWS\System32\clbcatq.dll
0x00007ff979830000 - 0x00007ff9799de000 	C:\WINDOWS\SYSTEM32\WindowsCodecs.dll
0x00007ff971910000 - 0x00007ff971968000 	C:\WINDOWS\system32\dataexchange.dll
0x00007ff97d3d0000 - 0x00007ff97d6db000 	C:\WINDOWS\system32\d3d11.dll
0x00007ff97e5b0000 - 0x00007ff97e74c000 	C:\WINDOWS\system32\dcomp.dll
0x00007ff97fff0000 - 0x00007ff9800ab000 	C:\WINDOWS\system32\dxgi.dll
0x00007ff97f8e0000 - 0x00007ff97fa98000 	C:\WINDOWS\system32\twinapi.appcore.dll
0x00007ff97faf0000 - 0x00007ff97fb11000 	C:\WINDOWS\system32\RMCLIENT.dll
0x00007ff96ad50000 - 0x00007ff96ad84000 	C:\Program Files\Common Files\Microsoft Shared\Ink\rtscom.dll
0x00007ff9794d0000 - 0x00007ff979568000 	C:\WINDOWS\System32\TextInputFramework.dll
0x00007ff978dc0000 - 0x00007ff9790de000 	C:\WINDOWS\System32\CoreUIComponents.dll
0x00007ff97d990000 - 0x00007ff97da6a000 	C:\WINDOWS\System32\CoreMessaging.dll
0x00007ff980370000 - 0x00007ff9803a1000 	C:\WINDOWS\SYSTEM32\ntmarta.dll
0x00007ff97b4a0000 - 0x00007ff97b5ed000 	C:\WINDOWS\SYSTEM32\wintypes.dll
0x00007ff975810000 - 0x00007ff97583f000 	C:\WINDOWS\SYSTEM32\winbio.dll
0x00007ff979d70000 - 0x00007ff979d7f000 	C:\WINDOWS\SYSTEM32\winbioext.dll
0x0000000068bd0000 - 0x0000000068be1000 	C:\Program Files\java\jdk1.8.0_101\jre\bin\prism_common.dll
0x0000000022a30000 - 0x0000000022ae3000 	C:\WINDOWS\SYSTEM32\SGFu03x64.dll
0x00007ff97bc10000 - 0x00007ff97bc94000 	C:\WINDOWS\SYSTEM32\WINSPOOL.DRV
0x00007ff980820000 - 0x00007ff980858000 	C:\WINDOWS\SYSTEM32\IPHLPAPI.DLL
0x000000001ea90000 - 0x000000001eac3000 	C:\WINDOWS\SYSTEM32\sgfpaMX.dll
0x00007ff96a740000 - 0x00007ff96a756000 	C:\WINDOWS\system32\napinsp.dll
0x00007ff96a720000 - 0x00007ff96a73a000 	C:\WINDOWS\system32\pnrpnsp.dll
0x00007ff97e750000 - 0x00007ff97e769000 	C:\WINDOWS\system32\NLAapi.dll
0x00007ff980870000 - 0x00007ff98092e000 	C:\WINDOWS\SYSTEM32\DNSAPI.dll
0x00007ff982a90000 - 0x00007ff982a98000 	C:\WINDOWS\System32\NSI.dll
0x00007ff96a710000 - 0x00007ff96a71e000 	C:\WINDOWS\System32\winrnr.dll
0x00007ff97a260000 - 0x00007ff97a26a000 	C:\Windows\System32\rasadhlp.dll
0x00007ff97ab70000 - 0x00007ff97abe2000 	C:\WINDOWS\System32\fwpuclnt.dll
0x0000000068ba0000 - 0x0000000068bc3000 	C:\Program Files\java\jdk1.8.0_101\jre\bin\javafx_iio.dll
0x00007ff972310000 - 0x00007ff9724d9000 	C:\WINDOWS\SYSTEM32\dbghelp.dll

VM Arguments:
jvm_args: -javaagent:C:\Program Files\JetBrains\IntelliJ IDEA Community Edition 2017.2.4\lib\idea_rt.jar=52498:C:\Program Files\JetBrains\IntelliJ IDEA Community Edition 2017.2.4\bin -Dfile.encoding=UTF-8 
java_command: Main
java_class_path (initial): C:\Program Files\java\jdk1.8.0_101\jre\lib\charsets.jar;C:\Program Files\java\jdk1.8.0_101\jre\lib\deploy.jar;C:\Program Files\java\jdk1.8.0_101\jre\lib\ext\access-bridge-64.jar;C:\Program Files\java\jdk1.8.0_101\jre\lib\ext\cldrdata.jar;C:\Program Files\java\jdk1.8.0_101\jre\lib\ext\dnsns.jar;C:\Program Files\java\jdk1.8.0_101\jre\lib\ext\jaccess.jar;C:\Program Files\java\jdk1.8.0_101\jre\lib\ext\jfxrt.jar;C:\Program Files\java\jdk1.8.0_101\jre\lib\ext\localedata.jar;C:\Program Files\java\jdk1.8.0_101\jre\lib\ext\nashorn.jar;C:\Program Files\java\jdk1.8.0_101\jre\lib\ext\sunec.jar;C:\Program Files\java\jdk1.8.0_101\jre\lib\ext\sunjce_provider.jar;C:\Program Files\java\jdk1.8.0_101\jre\lib\ext\sunmscapi.jar;C:\Program Files\java\jdk1.8.0_101\jre\lib\ext\sunpkcs11.jar;C:\Program Files\java\jdk1.8.0_101\jre\lib\ext\zipfs.jar;C:\Program Files\java\jdk1.8.0_101\jre\lib\javaws.jar;C:\Program Files\java\jdk1.8.0_101\jre\lib\jce.jar;C:\Program Files\java\jdk1.8.0_101\jre\lib\jfr.jar;C:\Program Files\java\jdk1.8.0_101\jre\lib\jfxswt.jar;C:\Program Files\java\jdk1.8.0_101\jre\lib\jsse.jar;C:\Program Files\java\jdk1.8.0_101\jre\lib\management-agent.jar;C:\Program Files\java\jdk1.8.0_101\jre\lib\plugin.jar;C:\Program Files\java\jdk1.8.0_101\jre\lib\resources.jar;C:\Program Files\java\jdk1.8.0_101\jre\lib\rt.jar;E:\work\Barcode\BiometricFinal\out\production\BiometricFinal;E:\work\Barcode\BiometricFinal\lib\apache-commons.jar;E:\work\Barcode\BiometricFinal\lib\FDxSDKPro.jar;E:\work\Barcode\BiometricFinal\lib\ojdbc14.jar;E:\work\Barcode\BiometricFinal\lib\org.apache.commons.io.jar;E:\work\Barcode\BiometricFinal\lib\jfoenix.jar;C:\Program Files\JetBrains\IntelliJ IDEA Community Edition 2017.2.4\lib\idea_rt.jar
Launcher Type: SUN_STANDARD

Environment Variables:
JAVA_HOME=C:\Program Files\java\jdk1.8.0_111
PATH=C:\Program Files (x86)\Common Files\Oracle\Java\javapath;C:\WINDOWS\system32;C:\WINDOWS;C:\WINDOWS\System32\Wbem;C:\WINDOWS\System32\WindowsPowerShell\v1.0\;C:\Program Files\nodejs\;C:\Program Files\Git\cmd;%JAVA_HOME\bin;C:\Oracle\instantclient;C:\Program Files (x86)\Windows Kits\8.1\Windows Performance Toolkit\;C:\WINDOWS\System32\OpenSSH\;C:\Users\Tahir-PC\AppData\Roaming\npm;%USERPROFILE%\AppData\Local\Microsoft\WindowsApps;
USERNAME=Tahir-PC
OS=Windows_NT
PROCESSOR_IDENTIFIER=Intel64 Family 6 Model 26 Stepping 5, GenuineIntel



---------------  S Y S T E M  ---------------

OS: Windows 10.0 , 64 bit Build 17134 (10.0.17134.1)

CPU:total 4 (4 cores per cpu, 2 threads per core) family 6 model 26 stepping 5, cmov, cx8, fxsr, mmx, sse, sse2, sse3, ssse3, sse4.1, sse4.2, popcnt, ht, tsc, tscinvbit, tscinv

Memory: 4k page, physical 11517152k(5761836k free), swap 15973600k(7223476k free)

vm_info: Java HotSpot(TM) 64-Bit Server VM (25.101-b13) for windows-amd64 JRE (1.8.0_101-b13), built on Jun 22 2016 01:21:29 by "java_re" with MS VC++ 10.0 (VS2010)

time: Fri Jul 20 15:56:38 2018
elapsed time: 20 seconds (0d 0h 0m 20s)

