#
# A fatal error has been detected by the Java Runtime Environment:
#
#  EXCEPTION_ACCESS_VIOLATION (0xc0000005) at pc=0x000000005f465289, pid=4300, tid=0x00000000000013f8
#
# JRE version: Java(TM) SE Runtime Environment (8.0_101-b13) (build 1.8.0_101-b13)
# Java VM: Java HotSpot(TM) 64-Bit Server VM (25.101-b13 mixed mode windows-amd64 compressed oops)
# Problematic frame:
# V  [jvm.dll+0x145289]
#
# Failed to write core dump. Minidumps are not enabled by default on client versions of Windows
#
# If you would like to submit a bug report, please visit:
#   http://bugreport.java.com/bugreport/crash.jsp
#

---------------  T H R E A D  ---------------

Current thread (0x000000001af25800):  JavaThread "JavaFX Application Thread" [_thread_in_vm, id=5112, stack(0x000000001bb60000,0x000000001bc60000)]

siginfo: ExceptionCode=0xc0000005, reading address 0x0000000000000000

Registers:
RAX=0x0000000000000000, RBX=0x000000001af25800, RCX=0x0000000000000580, RDX=0x0000000000000000
RSP=0x000000001bc5c990, RBP=0x000000001bc5cb28, RSI=0x00000000000014e0, RDI=0x0000000000000000
R8 =0x0000000000000000, R9 =0x0000000000000000, R10=0x0000000002655c48, R11=0x000000005f54b4a0
R12=0x0000000000000000, R13=0x00000000220992e8, R14=0x000000001bc5cb90, R15=0x000000001af25800
RIP=0x000000005f465289, EFLAGS=0x0000000000010202

Top of Stack: (sp=0x000000001bc5c990)
0x000000001bc5c990:   00000000185af7b8 0000000000000000
0x000000001bc5c9a0:   00000000185af430 0000000000000000
0x000000001bc5c9b0:   000000000264835d 0000000180001236
0x000000001bc5c9c0:   00000000220992e8 0000000710d2f208
0x000000001bc5c9d0:   0000000000000011 0000000000000000
0x000000001bc5c9e0:   000000001bc5c9e0 00000001800026b6
0x000000001bc5c9f0:   000000001af259f8 0000000000000000
0x000000001bc5ca00:   0000000000000000 0000000018593e40
0x000000001bc5ca10:   0000000000000000 000000001bc5ca30
0x000000001bc5ca20:   000000001bc5ca88 000000000264835d
0x000000001bc5ca30:   0000000710d2f0f8 0000000000000011
0x000000001bc5ca40:   0000000000000002 000000001bc5ca38
0x000000001bc5ca50:   00000000185ab843 000000001bc5ca98
0x000000001bc5ca60:   00000000185ab8a8 0000000002655c74
0x000000001bc5ca70:   000000001af259f8 000000001bc5cb90
0x000000001bc5ca80:   0000000000000000 0000000000000000 

Instructions: (pc=0x000000005f465289)
0x000000005f465269:   a9 00 00 00 30 74 08 48 8b cb e8 c8 c6 0f 00 c7
0x000000005f465279:   83 70 02 00 00 06 00 00 00 80 3d e8 60 6c 00 00
0x000000005f465289:   48 8b 0f b8 10 00 00 00 ba 0c 00 00 00 0f 45 c2
0x000000005f465299:   48 98 8b 3c 08 c7 83 70 02 00 00 07 00 00 00 83 


Register to memory mapping:

RAX=0x0000000000000000 is an unknown value
RBX=0x000000001af25800 is a thread
RCX=0x0000000000000580 is an unknown value
RDX=0x0000000000000000 is an unknown value
RSP=0x000000001bc5c990 is pointing into the stack for thread: 0x000000001af25800
RBP=0x000000001bc5cb28 is pointing into the stack for thread: 0x000000001af25800
RSI=0x00000000000014e0 is an unknown value
RDI=0x0000000000000000 is an unknown value
R8 =0x0000000000000000 is an unknown value
R9 =0x0000000000000000 is an unknown value
R10=0x0000000002655c48 is at code_begin+840 in an Interpreter codelet
method entry point (kind = native)  [0x0000000002655900, 0x0000000002656260]  2400 bytes
R11=0x000000005f54b4a0 is an unknown value
R12=0x0000000000000000 is an unknown value
R13={method} {0x00000000220992f0} 'MatchIsoTemplate' '([BJ[BJJ[Z)J' in 'SecuGen/FDxSDKPro/jni/JSGFPLib'
R14=0x000000001bc5cb90 is pointing into the stack for thread: 0x000000001af25800
R15=0x000000001af25800 is a thread


Stack: [0x000000001bb60000,0x000000001bc60000],  sp=0x000000001bc5c990,  free space=1010k
Native frames: (J=compiled Java code, j=interpreted, Vv=VM code, C=native code)
V  [jvm.dll+0x145289]
C  [jnisgfplib.dll+0x1236]
C  [jnisgfplib.dll+0x26b6]
C  0x0000000002655c74

Java frames: (J=compiled Java code, j=interpreted, Vv=VM code)
j  SecuGen.FDxSDKPro.jni.JSGFPLib.MatchIsoTemplate([BJ[BJJ[Z)J+0
j  jcode.BiometricHelper.matchPrints([B[B)Z+97
j  receiving.ReceivingController.lambda$initialize$3(Ljavafx/event/ActionEvent;)V+32
j  receiving.ReceivingController$$Lambda$244.handle(Ljavafx/event/Event;)V+8
J 3892 C2 com.sun.javafx.event.EventHandlerManager.dispatchBubblingEvent(Ljavafx/event/Event;)Ljavafx/event/Event; (23 bytes) @ 0x0000000003177258 [0x00000000031766c0+0xb98]
J 3843 C2 com.sun.javafx.event.CompositeEventDispatcher.dispatchBubblingEvent(Ljavafx/event/Event;)Ljavafx/event/Event; (35 bytes) @ 0x000000000313568c [0x0000000003135620+0x6c]
J 3040 C2 com.sun.javafx.event.BasicEventDispatcher.dispatchEvent(Ljavafx/event/Event;Ljavafx/event/EventDispatchChain;)Ljavafx/event/Event; (44 bytes) @ 0x0000000002f36dd0 [0x0000000002f36ca0+0x130]
J 3040 C2 com.sun.javafx.event.BasicEventDispatcher.dispatchEvent(Ljavafx/event/Event;Ljavafx/event/EventDispatchChain;)Ljavafx/event/Event; (44 bytes) @ 0x0000000002f36d8c [0x0000000002f36ca0+0xec]
J 3040 C2 com.sun.javafx.event.BasicEventDispatcher.dispatchEvent(Ljavafx/event/Event;Ljavafx/event/EventDispatchChain;)Ljavafx/event/Event; (44 bytes) @ 0x0000000002f36d8c [0x0000000002f36ca0+0xec]
J 5277 C2 com.sun.javafx.event.EventUtil.fireEvent(Ljavafx/event/EventTarget;Ljavafx/event/Event;)Ljavafx/event/Event; (81 bytes) @ 0x0000000002cd2f10 [0x0000000002cd2aa0+0x470]
J 2500 C1 javafx.event.Event.fireEvent(Ljavafx/event/EventTarget;Ljavafx/event/Event;)V (35 bytes) @ 0x0000000002db022c [0x0000000002db0160+0xcc]
j  javafx.scene.Node.fireEvent(Ljavafx/event/Event;)V+86
j  javafx.scene.control.Button.fire()V+15
j  com.sun.javafx.scene.control.behavior.ButtonBehavior.mouseReleased(Ljavafx/scene/input/MouseEvent;)V+23
J 3400 C1 com.sun.javafx.scene.control.skin.BehaviorSkinBase$1.handle(Ljavafx/scene/input/MouseEvent;)V (121 bytes) @ 0x0000000003010284 [0x000000000300fe60+0x424]
J 3399 C1 com.sun.javafx.scene.control.skin.BehaviorSkinBase$1.handle(Ljavafx/event/Event;)V (9 bytes) @ 0x0000000003010e2c [0x0000000003010cc0+0x16c]
J 3892 C2 com.sun.javafx.event.EventHandlerManager.dispatchBubblingEvent(Ljavafx/event/Event;)Ljavafx/event/Event; (23 bytes) @ 0x0000000003176a4c [0x00000000031766c0+0x38c]
J 3843 C2 com.sun.javafx.event.CompositeEventDispatcher.dispatchBubblingEvent(Ljavafx/event/Event;)Ljavafx/event/Event; (35 bytes) @ 0x000000000313568c [0x0000000003135620+0x6c]
J 3040 C2 com.sun.javafx.event.BasicEventDispatcher.dispatchEvent(Ljavafx/event/Event;Ljavafx/event/EventDispatchChain;)Ljavafx/event/Event; (44 bytes) @ 0x0000000002f36dd0 [0x0000000002f36ca0+0x130]
J 3040 C2 com.sun.javafx.event.BasicEventDispatcher.dispatchEvent(Ljavafx/event/Event;Ljavafx/event/EventDispatchChain;)Ljavafx/event/Event; (44 bytes) @ 0x0000000002f36d8c [0x0000000002f36ca0+0xec]
J 3040 C2 com.sun.javafx.event.BasicEventDispatcher.dispatchEvent(Ljavafx/event/Event;Ljavafx/event/EventDispatchChain;)Ljavafx/event/Event; (44 bytes) @ 0x0000000002f36d8c [0x0000000002f36ca0+0xec]
J 5528 C2 javafx.scene.Scene$MouseHandler.process(Ljavafx/scene/input/MouseEvent;Z)V (735 bytes) @ 0x0000000002cbe3ac [0x0000000002cbd320+0x108c]
J 2644 C1 javafx.scene.Scene$ScenePeerListener.mouseEvent(Ljavafx/event/EventType;DDDDLjavafx/scene/input/MouseButton;ZZZZZZZZZ)V (50 bytes) @ 0x0000000002e2476c [0x0000000002e244a0+0x2cc]
J 2615 C1 com.sun.javafx.tk.quantum.GlassViewEventHandler$MouseEventNotification.run()Ljava/lang/Void; (567 bytes) @ 0x0000000002e0def4 [0x0000000002e0d120+0xdd4]
J 2614 C1 com.sun.javafx.tk.quantum.GlassViewEventHandler$MouseEventNotification.run()Ljava/lang/Object; (5 bytes) @ 0x0000000002e0cccc [0x0000000002e0cc40+0x8c]
v  ~StubRoutines::call_stub
J 1218  java.security.AccessController.doPrivileged(Ljava/security/PrivilegedAction;Ljava/security/AccessControlContext;)Ljava/lang/Object; (0 bytes) @ 0x0000000002a76226 [0x0000000002a761c0+0x66]
J 2566 C1 com.sun.javafx.tk.quantum.GlassViewEventHandler$$Lambda$208.get()Ljava/lang/Object; (8 bytes) @ 0x0000000002de4b0c [0x0000000002de4920+0x1ec]
J 2515 C1 com.sun.javafx.tk.quantum.QuantumToolkit.runWithoutRenderLock(Ljava/util/function/Supplier;)Ljava/lang/Object; (49 bytes) @ 0x0000000002dbbca4 [0x0000000002dbb760+0x544]
J 2611 C1 com.sun.javafx.tk.quantum.GlassViewEventHandler.handleMouseEvent(Lcom/sun/glass/ui/View;JIIIIIIIZZ)V (108 bytes) @ 0x0000000002e0bce4 [0x0000000002e0b8c0+0x424]
J 2564 C1 com.sun.glass.ui.View.notifyMouse(IIIIIIIZZ)V (221 bytes) @ 0x0000000002de3794 [0x0000000002de26a0+0x10f4]
v  ~StubRoutines::call_stub
j  com.sun.glass.ui.win.WinApplication._runLoop(Ljava/lang/Runnable;)V+0
j  com.sun.glass.ui.win.WinApplication.lambda$null$148(ILjava/lang/Runnable;)V+8
j  com.sun.glass.ui.win.WinApplication$$Lambda$38.run()V+12
j  java.lang.Thread.run()V+11
v  ~StubRoutines::call_stub

---------------  P R O C E S S  ---------------

Java Threads: ( => current thread )
  0x000000001b0f0000 JavaThread "Prism Font Disposer" daemon [_thread_blocked, id=14152, stack(0x000000001fff0000,0x00000000200f0000)]
  0x000000001af45800 JavaThread "Thread-3" daemon [_thread_in_native, id=16764, stack(0x000000001d9a0000,0x000000001daa0000)]
  0x000000001af44800 JavaThread "JavaFX-Launcher" [_thread_blocked, id=428, stack(0x000000001daa0000,0x000000001dba0000)]
=>0x000000001af25800 JavaThread "JavaFX Application Thread" [_thread_in_vm, id=5112, stack(0x000000001bb60000,0x000000001bc60000)]
  0x000000001aebb800 JavaThread "Thread-1" daemon [_thread_blocked, id=11140, stack(0x000000001ba60000,0x000000001bb60000)]
  0x000000001aea2800 JavaThread "QuantumRenderer-0" daemon [_thread_blocked, id=1056, stack(0x000000001b670000,0x000000001b770000)]
  0x000000001a547000 JavaThread "Service Thread" daemon [_thread_blocked, id=11368, stack(0x000000001ac70000,0x000000001ad70000)]
  0x000000001a507800 JavaThread "C1 CompilerThread2" daemon [_thread_blocked, id=13168, stack(0x000000001ab70000,0x000000001ac70000)]
  0x000000001a491800 JavaThread "C2 CompilerThread1" daemon [_thread_blocked, id=6584, stack(0x000000001aa70000,0x000000001ab70000)]
  0x000000001a4e0000 JavaThread "C2 CompilerThread0" daemon [_thread_blocked, id=8704, stack(0x000000001a970000,0x000000001aa70000)]
  0x0000000018e59000 JavaThread "Monitor Ctrl-Break" daemon [_thread_in_native, id=10424, stack(0x000000001a870000,0x000000001a970000)]
  0x0000000018e2d800 JavaThread "Attach Listener" daemon [_thread_blocked, id=3196, stack(0x000000001a370000,0x000000001a470000)]
  0x0000000018e2c800 JavaThread "Signal Dispatcher" daemon [_thread_blocked, id=6776, stack(0x000000001a270000,0x000000001a370000)]
  0x000000000263e800 JavaThread "Finalizer" daemon [_thread_blocked, id=7808, stack(0x000000001a080000,0x000000001a180000)]
  0x0000000002633000 JavaThread "Reference Handler" daemon [_thread_blocked, id=16904, stack(0x0000000019f80000,0x000000001a080000)]
  0x0000000002542800 JavaThread "main" [_thread_blocked, id=16648, stack(0x0000000002210000,0x0000000002310000)]

Other Threads:
  0x0000000018df7800 VMThread [stack: 0x0000000019e80000,0x0000000019f80000] [id=9980]
  0x000000001a54e800 WatcherThread [stack: 0x000000001ad70000,0x000000001ae70000] [id=6648]

VM state:not at safepoint (normal execution)

VM Mutex/Monitor currently owned by a thread: None

Heap:
 PSYoungGen      total 52736K, used 52103K [0x0000000785700000, 0x0000000789180000, 0x00000007c0000000)
  eden space 45568K, 100% used [0x0000000785700000,0x0000000788380000,0x0000000788380000)
  from space 7168K, 91% used [0x0000000788380000,0x00000007889e1ee0,0x0000000788a80000)
  to   space 7168K, 0% used [0x0000000788a80000,0x0000000788a80000,0x0000000789180000)
 ParOldGen       total 59392K, used 10727K [0x0000000710400000, 0x0000000713e00000, 0x0000000785700000)
  object space 59392K, 18% used [0x0000000710400000,0x0000000710e79fd0,0x0000000713e00000)
 Metaspace       used 26027K, capacity 27482K, committed 27824K, reserved 1073152K
  class space    used 3587K, capacity 3912K, committed 4016K, reserved 1048576K

Card table byte_map: [0x0000000011a00000,0x0000000011f80000] byte_map_base: 0x000000000e17e000

Marking Bits: (ParMarkBitMap*) 0x000000005fb3a6d0
 Begin Bits: [0x0000000012730000, 0x0000000015320000)
 End Bits:   [0x0000000015320000, 0x0000000017f10000)

Polling page: 0x00000000001f0000

CodeCache: size=245760Kb used=17132Kb max_used=17137Kb free=228627Kb
 bounds [0x0000000002640000, 0x0000000003710000, 0x0000000011640000]
 total_blobs=5748 nmethods=4977 adapters=681
 compilation: enabled

Compilation events (10 events):
Event: 179.404 Thread 0x000000001a507800 5676       3       javafx.scene.text.Text$TextAttribute::impl_selectionEndProperty (25 bytes)
Event: 179.405 Thread 0x000000001a507800 nmethod 5676 0x00000000036fa950 code [0x00000000036faae0, 0x00000000036fafb0]
Event: 179.409 Thread 0x000000001a507800 5679       3       javafx.scene.transform.Scale::getPivotY (19 bytes)
Event: 179.410 Thread 0x000000001a507800 nmethod 5679 0x00000000036fa2d0 code [0x00000000036fa440, 0x00000000036fa808]
Event: 179.410 Thread 0x000000001a507800 5680       3       javafx.scene.transform.Scale::getPivotZ (19 bytes)
Event: 179.410 Thread 0x000000001a507800 nmethod 5680 0x00000000036f9c50 code [0x00000000036f9dc0, 0x00000000036fa188]
Event: 179.489 Thread 0x000000001a507800 5681       1       javafx.scene.Node$MiscProperties$9::access$4000 (5 bytes)
Event: 179.489 Thread 0x000000001a507800 nmethod 5681 0x00000000036f9990 code [0x00000000036f9ae0, 0x00000000036f9bd0]
Event: 179.499 Thread 0x000000001a507800 5682       1       javafx.animation.KeyValue::getType (5 bytes)
Event: 179.499 Thread 0x000000001a507800 nmethod 5682 0x00000000036f96d0 code [0x00000000036f9820, 0x00000000036f9930]

GC Heap History (8 events):
Event: 1.632 GC heap before
{Heap before GC invocations=1 (full 0):
 PSYoungGen      total 52736K, used 45150K [0x0000000785700000, 0x0000000789180000, 0x00000007c0000000)
  eden space 45568K, 99% used [0x0000000785700000,0x0000000788317aa8,0x0000000788380000)
  from space 7168K, 0% used [0x0000000788a80000,0x0000000788a80000,0x0000000789180000)
  to   space 7168K, 0% used [0x0000000788380000,0x0000000788380000,0x0000000788a80000)
 ParOldGen       total 120320K, used 0K [0x0000000710400000, 0x0000000717980000, 0x0000000785700000)
  object space 120320K, 0% used [0x0000000710400000,0x0000000710400000,0x0000000717980000)
 Metaspace       used 16066K, capacity 16712K, committed 17024K, reserved 1062912K
  class space    used 2359K, capacity 2561K, committed 2688K, reserved 1048576K
Event: 1.640 GC heap after
Heap after GC invocations=1 (full 0):
 PSYoungGen      total 52736K, used 5111K [0x0000000785700000, 0x0000000789180000, 0x00000007c0000000)
  eden space 45568K, 0% used [0x0000000785700000,0x0000000785700000,0x0000000788380000)
  from space 7168K, 71% used [0x0000000788380000,0x000000078887dce8,0x0000000788a80000)
  to   space 7168K, 0% used [0x0000000788a80000,0x0000000788a80000,0x0000000789180000)
 ParOldGen       total 120320K, used 80K [0x0000000710400000, 0x0000000717980000, 0x0000000785700000)
  object space 120320K, 0% used [0x0000000710400000,0x0000000710414010,0x0000000717980000)
 Metaspace       used 16066K, capacity 16712K, committed 17024K, reserved 1062912K
  class space    used 2359K, capacity 2561K, committed 2688K, reserved 1048576K
}
Event: 13.221 GC heap before
{Heap before GC invocations=2 (full 0):
 PSYoungGen      total 52736K, used 24137K [0x0000000785700000, 0x0000000789180000, 0x00000007c0000000)
  eden space 45568K, 41% used [0x0000000785700000,0x0000000786994868,0x0000000788380000)
  from space 7168K, 71% used [0x0000000788380000,0x000000078887dce8,0x0000000788a80000)
  to   space 7168K, 0% used [0x0000000788a80000,0x0000000788a80000,0x0000000789180000)
 ParOldGen       total 120320K, used 80K [0x0000000710400000, 0x0000000717980000, 0x0000000785700000)
  object space 120320K, 0% used [0x0000000710400000,0x0000000710414010,0x0000000717980000)
 Metaspace       used 20441K, capacity 21166K, committed 21296K, reserved 1067008K
  class space    used 2867K, capacity 3076K, committed 3120K, reserved 1048576K
Event: 13.231 GC heap after
Heap after GC invocations=2 (full 0):
 PSYoungGen      total 52736K, used 7152K [0x0000000785700000, 0x0000000789180000, 0x00000007c0000000)
  eden space 45568K, 0% used [0x0000000785700000,0x0000000785700000,0x0000000788380000)
  from space 7168K, 99% used [0x0000000788a80000,0x000000078917c050,0x0000000789180000)
  to   space 7168K, 0% used [0x0000000788380000,0x0000000788380000,0x0000000788a80000)
 ParOldGen       total 120320K, used 2860K [0x0000000710400000, 0x0000000717980000, 0x0000000785700000)
  object space 120320K, 2% used [0x0000000710400000,0x00000007106cb108,0x0000000717980000)
 Metaspace       used 20441K, capacity 21166K, committed 21296K, reserved 1067008K
  class space    used 2867K, capacity 3076K, committed 3120K, reserved 1048576K
}
Event: 13.231 GC heap before
{Heap before GC invocations=3 (full 1):
 PSYoungGen      total 52736K, used 7152K [0x0000000785700000, 0x0000000789180000, 0x00000007c0000000)
  eden space 45568K, 0% used [0x0000000785700000,0x0000000785700000,0x0000000788380000)
  from space 7168K, 99% used [0x0000000788a80000,0x000000078917c050,0x0000000789180000)
  to   space 7168K, 0% used [0x0000000788380000,0x0000000788380000,0x0000000788a80000)
 ParOldGen       total 120320K, used 2860K [0x0000000710400000, 0x0000000717980000, 0x0000000785700000)
  object space 120320K, 2% used [0x0000000710400000,0x00000007106cb108,0x0000000717980000)
 Metaspace       used 20441K, capacity 21166K, committed 21296K, reserved 1067008K
  class space    used 2867K, capacity 3076K, committed 3120K, reserved 1048576K
Event: 13.273 GC heap after
Heap after GC invocations=3 (full 1):
 PSYoungGen      total 52736K, used 0K [0x0000000785700000, 0x0000000789180000, 0x00000007c0000000)
  eden space 45568K, 0% used [0x0000000785700000,0x0000000785700000,0x0000000788380000)
  from space 7168K, 0% used [0x0000000788a80000,0x0000000788a80000,0x0000000789180000)
  to   space 7168K, 0% used [0x0000000788380000,0x0000000788380000,0x0000000788a80000)
 ParOldGen       total 59392K, used 9907K [0x0000000710400000, 0x0000000713e00000, 0x0000000785700000)
  object space 59392K, 16% used [0x0000000710400000,0x0000000710dacec0,0x0000000713e00000)
 Metaspace       used 20441K, capacity 21166K, committed 21296K, reserved 1067008K
  class space    used 2867K, capacity 3076K, committed 3120K, reserved 1048576K
}
Event: 105.860 GC heap before
{Heap before GC invocations=4 (full 1):
 PSYoungGen      total 52736K, used 45568K [0x0000000785700000, 0x0000000789180000, 0x00000007c0000000)
  eden space 45568K, 100% used [0x0000000785700000,0x0000000788380000,0x0000000788380000)
  from space 7168K, 0% used [0x0000000788a80000,0x0000000788a80000,0x0000000789180000)
  to   space 7168K, 0% used [0x0000000788380000,0x0000000788380000,0x0000000788a80000)
 ParOldGen       total 59392K, used 9907K [0x0000000710400000, 0x0000000713e00000, 0x0000000785700000)
  object space 59392K, 16% used [0x0000000710400000,0x0000000710dacec0,0x0000000713e00000)
 Metaspace       used 25297K, capacity 26788K, committed 27056K, reserved 1073152K
  class space    used 3574K, capacity 3903K, committed 4016K, reserved 1048576K
Event: 105.869 GC heap after
Heap after GC invocations=4 (full 1):
 PSYoungGen      total 52736K, used 6535K [0x0000000785700000, 0x0000000789180000, 0x00000007c0000000)
  eden space 45568K, 0% used [0x0000000785700000,0x0000000785700000,0x0000000788380000)
  from space 7168K, 91% used [0x0000000788380000,0x00000007889e1ee0,0x0000000788a80000)
  to   space 7168K, 0% used [0x0000000788a80000,0x0000000788a80000,0x0000000789180000)
 ParOldGen       total 59392K, used 10727K [0x0000000710400000, 0x0000000713e00000, 0x0000000785700000)
  object space 59392K, 18% used [0x0000000710400000,0x0000000710e79fd0,0x0000000713e00000)
 Metaspace       used 25297K, capacity 26788K, committed 27056K, reserved 1073152K
  class space    used 3574K, capacity 3903K, committed 4016K, reserved 1048576K
}

Deoptimization events (10 events):
Event: 176.125 Thread 0x000000001af25800 Uncommon trap: reason=class_check action=maybe_recompile pc=0x0000000002f2d8a4 method=javafx.scene.control.ListCell.updateItem(I)V @ 33
Event: 176.125 Thread 0x000000001af25800 Uncommon trap: reason=class_check action=maybe_recompile pc=0x0000000002cfd968 method=com.jfoenix.controls.JFXListCell.getGap()D @ 4
Event: 176.125 Thread 0x000000001af25800 Uncommon trap: reason=class_check action=maybe_recompile pc=0x0000000002cfd968 method=com.jfoenix.controls.JFXListCell.getGap()D @ 4
Event: 176.125 Thread 0x000000001af25800 Uncommon trap: reason=class_check action=maybe_recompile pc=0x0000000002f2d8a4 method=javafx.scene.control.ListCell.updateItem(I)V @ 33
Event: 176.125 Thread 0x000000001af25800 Uncommon trap: reason=class_check action=maybe_recompile pc=0x0000000002cfd968 method=com.jfoenix.controls.JFXListCell.getGap()D @ 4
Event: 176.125 Thread 0x000000001af25800 Uncommon trap: reason=class_check action=maybe_recompile pc=0x0000000002cfd968 method=com.jfoenix.controls.JFXListCell.getGap()D @ 4
Event: 176.126 Thread 0x000000001af25800 Uncommon trap: reason=class_check action=maybe_recompile pc=0x000000000303cf38 method=com.jfoenix.controls.JFXListCell.getGap()D @ 4
Event: 176.851 Thread 0x000000001af25800 Uncommon trap: reason=unstable_if action=reinterpret pc=0x0000000002f4de98 method=java.util.concurrent.locks.ReentrantLock$Sync.nonfairTryAcquire(I)Z @ 10
Event: 177.832 Thread 0x000000001af25800 Uncommon trap: reason=bimorphic action=maybe_recompile pc=0x0000000002930d0c method=java.util.HashMap.putVal(ILjava/lang/Object;Ljava/lang/Object;ZZ)Ljava/lang/Object; @ 203
Event: 177.835 Thread 0x000000001aea2800 Uncommon trap: reason=intrinsic action=make_not_entrant pc=0x00000000036cb9e8 method=com.sun.prism.impl.ps.BaseShaderGraphics.drawString(Lcom/sun/javafx/scene/text/GlyphList;Lcom/sun/javafx/font/FontStrike;FFLcom/sun/prism/paint/Color;II)V @ 546

Internal exceptions (10 events):
Event: 72.597 Thread 0x000000001af25800 Implicit null exception at 0x0000000002a43e48 to 0x0000000002a43e82
Event: 105.926 Thread 0x000000001aea2800 Implicit null exception at 0x00000000031dccac to 0x00000000031dcd21
Event: 110.078 Thread 0x000000001af25800 Exception <a 'java/io/FileNotFoundException'> (0x0000000785a81e90) thrown at [C:\re\workspace\8-2-build-windows-amd64-cygwin\jdk8u101\7261\hotspot\src\share\vm\prims\jni.cpp, line 709]
Event: 119.758 Thread 0x000000001af25800 Exception <a 'java/io/FileNotFoundException'> (0x0000000785f322d8) thrown at [C:\re\workspace\8-2-build-windows-amd64-cygwin\jdk8u101\7261\hotspot\src\share\vm\prims\jni.cpp, line 709]
Event: 121.710 Thread 0x000000001af25800 Exception <a 'java/io/FileNotFoundException'> (0x000000078613f158) thrown at [C:\re\workspace\8-2-build-windows-amd64-cygwin\jdk8u101\7261\hotspot\src\share\vm\prims\jni.cpp, line 709]
Event: 122.510 Thread 0x000000001af25800 Exception <a 'java/io/FileNotFoundException'> (0x000000078625bea0) thrown at [C:\re\workspace\8-2-build-windows-amd64-cygwin\jdk8u101\7261\hotspot\src\share\vm\prims\jni.cpp, line 709]
Event: 123.109 Thread 0x000000001af25800 Exception <a 'java/io/FileNotFoundException'> (0x00000007864259f0) thrown at [C:\re\workspace\8-2-build-windows-amd64-cygwin\jdk8u101\7261\hotspot\src\share\vm\prims\jni.cpp, line 709]
Event: 123.964 Thread 0x000000001af25800 Exception <a 'java/io/FileNotFoundException'> (0x000000078653f5f0) thrown at [C:\re\workspace\8-2-build-windows-amd64-cygwin\jdk8u101\7261\hotspot\src\share\vm\prims\jni.cpp, line 709]
Event: 124.376 Thread 0x000000001af25800 Exception <a 'java/io/FileNotFoundException'> (0x00000007865a4d20) thrown at [C:\re\workspace\8-2-build-windows-amd64-cygwin\jdk8u101\7261\hotspot\src\share\vm\prims\jni.cpp, line 709]
Event: 135.153 Thread 0x000000001aea2800 Implicit null exception at 0x0000000003561a9f to 0x00000000035684c1

Events (10 events):
Event: 177.832 Thread 0x000000001af25800 Uncommon trap: trap_request=0xffffffc6 fr.pc=0x0000000002930d0c
Event: 177.832 Thread 0x000000001af25800 DEOPT PACKING pc=0x0000000002930d0c sp=0x000000001bc5d3d0
Event: 177.832 Thread 0x000000001af25800 DEOPT UNPACKING pc=0x000000000268582a sp=0x000000001bc5d348 mode 2
Event: 177.835 Thread 0x000000001aea2800 Uncommon trap: trap_request=0xffffffcc fr.pc=0x00000000036cb9e8
Event: 177.835 Thread 0x000000001aea2800 DEOPT PACKING pc=0x00000000036cb9e8 sp=0x000000001b76d830
Event: 177.835 Thread 0x000000001aea2800 DEOPT UNPACKING pc=0x000000000268582a sp=0x000000001b76d7d8 mode 2
Event: 177.858 Executing VM operation: RevokeBias
Event: 177.859 Executing VM operation: RevokeBias done
Event: 177.860 Executing VM operation: RevokeBias
Event: 177.860 Executing VM operation: RevokeBias done


Dynamic libraries:
0x00007ff7d3ef0000 - 0x00007ff7d3f27000 	C:\Program Files\java\jdk1.8.0_101\bin\java.exe
0x00007ff90b1b0000 - 0x00007ff90b391000 	C:\WINDOWS\SYSTEM32\ntdll.dll
0x00007ff908b30000 - 0x00007ff908be2000 	C:\WINDOWS\System32\KERNEL32.DLL
0x00007ff907580000 - 0x00007ff9077f3000 	C:\WINDOWS\System32\KERNELBASE.dll
0x00007ff909080000 - 0x00007ff909121000 	C:\WINDOWS\System32\ADVAPI32.dll
0x00007ff908640000 - 0x00007ff9086de000 	C:\WINDOWS\System32\msvcrt.dll
0x00007ff90b120000 - 0x00007ff90b17b000 	C:\WINDOWS\System32\sechost.dll
0x00007ff908f50000 - 0x00007ff909074000 	C:\WINDOWS\System32\RPCRT4.dll
0x00007ff908d50000 - 0x00007ff908ee0000 	C:\WINDOWS\System32\USER32.dll
0x00007ff907900000 - 0x00007ff907920000 	C:\WINDOWS\System32\win32u.dll
0x00007ff908bf0000 - 0x00007ff908c18000 	C:\WINDOWS\System32\GDI32.dll
0x00007ff907bf0000 - 0x00007ff907d82000 	C:\WINDOWS\System32\gdi32full.dll
0x00007ff907d90000 - 0x00007ff907e2f000 	C:\WINDOWS\System32\msvcp_win.dll
0x00007ff907e30000 - 0x00007ff907f2a000 	C:\WINDOWS\System32\ucrtbase.dll
0x00007ff9018b0000 - 0x00007ff901b19000 	C:\WINDOWS\WinSxS\amd64_microsoft.windows.common-controls_6595b64144ccf1df_6.0.17134.165_none_fb429645306569ac\COMCTL32.dll
0x00007ff9091c0000 - 0x00007ff9094e3000 	C:\WINDOWS\System32\combase.dll
0x00007ff907b70000 - 0x00007ff907bea000 	C:\WINDOWS\System32\bcryptPrimitives.dll
0x00007ff909190000 - 0x00007ff9091bd000 	C:\WINDOWS\System32\IMM32.DLL
0x0000000060400000 - 0x00000000604d2000 	C:\Program Files\java\jdk1.8.0_101\jre\bin\msvcr100.dll
0x000000005f320000 - 0x000000005fbba000 	C:\Program Files\java\jdk1.8.0_101\jre\bin\server\jvm.dll
0x00007ff909cc0000 - 0x00007ff909cc8000 	C:\WINDOWS\System32\PSAPI.DLL
0x00007ff8fcf20000 - 0x00007ff8fcf29000 	C:\WINDOWS\SYSTEM32\WSOCK32.dll
0x00007ff908ee0000 - 0x00007ff908f4c000 	C:\WINDOWS\System32\WS2_32.dll
0x00007ff902f70000 - 0x00007ff902f93000 	C:\WINDOWS\SYSTEM32\WINMM.dll
0x00007ff905fc0000 - 0x00007ff905fca000 	C:\WINDOWS\SYSTEM32\VERSION.dll
0x00007ff902820000 - 0x00007ff90284a000 	C:\WINDOWS\SYSTEM32\WINMMBASE.dll
0x00007ff907800000 - 0x00007ff907849000 	C:\WINDOWS\System32\cfgmgr32.dll
0x000000005f310000 - 0x000000005f31f000 	C:\Program Files\java\jdk1.8.0_101\jre\bin\verify.dll
0x000000005f2e0000 - 0x000000005f309000 	C:\Program Files\java\jdk1.8.0_101\jre\bin\java.dll
0x000000005f2b0000 - 0x000000005f2d3000 	C:\Program Files\java\jdk1.8.0_101\jre\bin\instrument.dll
0x000000005f290000 - 0x000000005f2a6000 	C:\Program Files\java\jdk1.8.0_101\jre\bin\zip.dll
0x00007ff909cd0000 - 0x00007ff90b110000 	C:\WINDOWS\System32\SHELL32.dll
0x00007ff908c20000 - 0x00007ff908cc9000 	C:\WINDOWS\System32\shcore.dll
0x00007ff907f30000 - 0x00007ff90863d000 	C:\WINDOWS\System32\windows.storage.dll
0x00007ff9094f0000 - 0x00007ff909541000 	C:\WINDOWS\System32\shlwapi.dll
0x00007ff907510000 - 0x00007ff907521000 	C:\WINDOWS\System32\kernel.appcore.dll
0x00007ff9074d0000 - 0x00007ff9074ef000 	C:\WINDOWS\System32\profapi.dll
0x00007ff907530000 - 0x00007ff90757c000 	C:\WINDOWS\System32\powrprof.dll
0x00007ff9074c0000 - 0x00007ff9074ca000 	C:\WINDOWS\System32\FLTLIB.DLL
0x00007ff8f3210000 - 0x00007ff8f322a000 	C:\Program Files\JetBrains\IntelliJ IDEA Community Edition 2017.2.4\bin\breakgen64.dll
0x000000005f270000 - 0x000000005f28a000 	C:\Program Files\java\jdk1.8.0_101\jre\bin\net.dll
0x00007ff906ce0000 - 0x00007ff906d46000 	C:\WINDOWS\system32\mswsock.dll
0x00007ff8dfe90000 - 0x00007ff8dff7f000 	C:\Program Files\java\jdk1.8.0_101\jre\bin\msvcr120.dll
0x00007ff8e2930000 - 0x00007ff8e29d6000 	C:\Program Files\java\jdk1.8.0_101\jre\bin\msvcp120.dll
0x000000005f240000 - 0x000000005f262000 	C:\Program Files\java\jdk1.8.0_101\jre\bin\prism_d3d.dll
0x00007ff8d3840000 - 0x00007ff8d39d7000 	C:\WINDOWS\system32\d3d9.dll
0x00007ff905c70000 - 0x00007ff905c99000 	C:\WINDOWS\SYSTEM32\dwmapi.dll
0x00007ff9059e0000 - 0x00007ff905a78000 	C:\WINDOWS\system32\uxtheme.dll
0x00007ff8c5330000 - 0x00007ff8c63e6000 	C:\WINDOWS\SYSTEM32\nvd3dumx.dll
0x000000005f1f0000 - 0x000000005f233000 	C:\Program Files\java\jdk1.8.0_101\jre\bin\glass.dll
0x00007ff909550000 - 0x00007ff90963d000 	C:\WINDOWS\System32\COMDLG32.dll
0x00007ff909a90000 - 0x00007ff909be1000 	C:\WINDOWS\System32\ole32.dll
0x00007ff909bf0000 - 0x00007ff909cb2000 	C:\WINDOWS\System32\OLEAUT32.dll
0x00007ff9089a0000 - 0x00007ff908b15000 	C:\WINDOWS\System32\MSCTF.dll
0x00007ff8f8c20000 - 0x00007ff8f8d8c000 	C:\Program Files (x86)\NVIDIA Corporation\3D Vision\nvSCPAPI64.dll
0x00007ff909640000 - 0x00007ff909a8b000 	C:\WINDOWS\System32\SETUPAPI.dll
0x000000005e780000 - 0x000000005e794000 	C:\Program Files\java\jdk1.8.0_101\jre\bin\javafx_font.dll
0x00007ff8f60e0000 - 0x00007ff8f63fc000 	C:\WINDOWS\SYSTEM32\dwrite.dll
0x00007ff9086e0000 - 0x00007ff908780000 	C:\WINDOWS\System32\clbcatq.dll
0x00007ff8ff7a0000 - 0x00007ff8ff94e000 	C:\WINDOWS\SYSTEM32\WindowsCodecs.dll
0x00007ff8f5830000 - 0x00007ff8f5888000 	C:\WINDOWS\system32\dataexchange.dll
0x00007ff903840000 - 0x00007ff903b4b000 	C:\WINDOWS\system32\d3d11.dll
0x00007ff903b70000 - 0x00007ff903d0c000 	C:\WINDOWS\system32\dcomp.dll
0x00007ff906340000 - 0x00007ff9063fb000 	C:\WINDOWS\system32\dxgi.dll
0x00007ff905ab0000 - 0x00007ff905c68000 	C:\WINDOWS\system32\twinapi.appcore.dll
0x00007ff905ca0000 - 0x00007ff905cc1000 	C:\WINDOWS\system32\RMCLIENT.dll
0x00007ff8f2530000 - 0x00007ff8f2564000 	C:\Program Files\Common Files\Microsoft Shared\Ink\rtscom.dll
0x00007ff8f8680000 - 0x00007ff8f8718000 	C:\WINDOWS\System32\TextInputFramework.dll
0x00007ff8fed50000 - 0x00007ff8ff06e000 	C:\WINDOWS\System32\CoreUIComponents.dll
0x00007ff903ef0000 - 0x00007ff903fca000 	C:\WINDOWS\System32\CoreMessaging.dll
0x00007ff9064d0000 - 0x00007ff906501000 	C:\WINDOWS\SYSTEM32\ntmarta.dll
0x00007ff9020c0000 - 0x00007ff90220d000 	C:\WINDOWS\SYSTEM32\wintypes.dll
0x000000005e760000 - 0x000000005e771000 	C:\Program Files\java\jdk1.8.0_101\jre\bin\prism_common.dll
0x00007ff8f0580000 - 0x00007ff8f0596000 	C:\WINDOWS\system32\napinsp.dll
0x00007ff8f0500000 - 0x00007ff8f051a000 	C:\WINDOWS\system32\pnrpnsp.dll
0x00007ff905230000 - 0x00007ff905249000 	C:\WINDOWS\system32\NLAapi.dll
0x00007ff906aa0000 - 0x00007ff906b5e000 	C:\WINDOWS\SYSTEM32\DNSAPI.dll
0x00007ff908b20000 - 0x00007ff908b28000 	C:\WINDOWS\System32\NSI.dll
0x00007ff906a60000 - 0x00007ff906a98000 	C:\WINDOWS\SYSTEM32\IPHLPAPI.DLL
0x00007ff8f0800000 - 0x00007ff8f080e000 	C:\WINDOWS\System32\winrnr.dll
0x00007ff8ffca0000 - 0x00007ff8ffcaa000 	C:\Windows\System32\rasadhlp.dll
0x00007ff900580000 - 0x00007ff9005f2000 	C:\WINDOWS\System32\fwpuclnt.dll
0x00007ff906fc0000 - 0x00007ff906fe5000 	C:\WINDOWS\SYSTEM32\bcrypt.dll
0x0000000180000000 - 0x000000018000b000 	C:\Windows\System32\jnisgfplib.dll
0x00007ff8e7e20000 - 0x00007ff8e7e54000 	C:\WINDOWS\SYSTEM32\sgfplib.dll
0x000000005e6b0000 - 0x000000005e753000 	C:\WINDOWS\WinSxS\amd64_microsoft.vc90.crt_1fc8b3b9a1e18e3b_9.0.30729.9415_none_08e0c10ba840a28a\MSVCR90.dll
0x00007ff9055d0000 - 0x00007ff905784000 	C:\WINDOWS\SYSTEM32\PROPSYS.dll
0x00007ff8ff740000 - 0x00007ff8ff76f000 	C:\WINDOWS\SYSTEM32\winbio.dll
0x00007ff906060000 - 0x00007ff90606f000 	C:\WINDOWS\SYSTEM32\winbioext.dll
0x0000000023ac0000 - 0x0000000023b73000 	C:\WINDOWS\SYSTEM32\SGFu03x64.dll
0x00007ff901710000 - 0x00007ff901794000 	C:\WINDOWS\SYSTEM32\WINSPOOL.DRV
0x0000000021e40000 - 0x0000000021e73000 	C:\WINDOWS\SYSTEM32\sgfpaMX.dll
0x000000005e680000 - 0x000000005e6a3000 	C:\Program Files\java\jdk1.8.0_101\jre\bin\javafx_iio.dll
0x00007ff8fece0000 - 0x00007ff8fed45000 	C:\WINDOWS\system32\Ninput.dll
0x00007ff902890000 - 0x00007ff902e57000 	C:\WINDOWS\SYSTEM32\d2d1.dll
0x00007ff8e63b0000 - 0x00007ff8e6b2e000 	C:\WINDOWS\SYSTEM32\D3D10Warp.dll
0x00007ff8fd0f0000 - 0x00007ff8fd2b9000 	C:\WINDOWS\SYSTEM32\dbghelp.dll

VM Arguments:
jvm_args: -javaagent:C:\Program Files\JetBrains\IntelliJ IDEA Community Edition 2017.2.4\lib\idea_rt.jar=49701:C:\Program Files\JetBrains\IntelliJ IDEA Community Edition 2017.2.4\bin -Dfile.encoding=UTF-8 
java_command: Main
java_class_path (initial): C:\Program Files\java\jdk1.8.0_101\jre\lib\charsets.jar;C:\Program Files\java\jdk1.8.0_101\jre\lib\deploy.jar;C:\Program Files\java\jdk1.8.0_101\jre\lib\ext\access-bridge-64.jar;C:\Program Files\java\jdk1.8.0_101\jre\lib\ext\cldrdata.jar;C:\Program Files\java\jdk1.8.0_101\jre\lib\ext\dnsns.jar;C:\Program Files\java\jdk1.8.0_101\jre\lib\ext\jaccess.jar;C:\Program Files\java\jdk1.8.0_101\jre\lib\ext\jfxrt.jar;C:\Program Files\java\jdk1.8.0_101\jre\lib\ext\localedata.jar;C:\Program Files\java\jdk1.8.0_101\jre\lib\ext\nashorn.jar;C:\Program Files\java\jdk1.8.0_101\jre\lib\ext\sunec.jar;C:\Program Files\java\jdk1.8.0_101\jre\lib\ext\sunjce_provider.jar;C:\Program Files\java\jdk1.8.0_101\jre\lib\ext\sunmscapi.jar;C:\Program Files\java\jdk1.8.0_101\jre\lib\ext\sunpkcs11.jar;C:\Program Files\java\jdk1.8.0_101\jre\lib\ext\zipfs.jar;C:\Program Files\java\jdk1.8.0_101\jre\lib\javaws.jar;C:\Program Files\java\jdk1.8.0_101\jre\lib\jce.jar;C:\Program Files\java\jdk1.8.0_101\jre\lib\jfr.jar;C:\Program Files\java\jdk1.8.0_101\jre\lib\jfxswt.jar;C:\Program Files\java\jdk1.8.0_101\jre\lib\jsse.jar;C:\Program Files\java\jdk1.8.0_101\jre\lib\management-agent.jar;C:\Program Files\java\jdk1.8.0_101\jre\lib\plugin.jar;C:\Program Files\java\jdk1.8.0_101\jre\lib\resources.jar;C:\Program Files\java\jdk1.8.0_101\jre\lib\rt.jar;E:\work\Barcode\BiometricFinal\out\production\BiometricFinal;E:\work\Barcode\BiometricFinal\lib\apache-commons.jar;E:\work\Barcode\BiometricFinal\lib\FDxSDKPro.jar;E:\work\Barcode\BiometricFinal\lib\ojdbc14.jar;E:\work\Barcode\BiometricFinal\lib\org.apache.commons.io.jar;E:\work\Barcode\BiometricFinal\lib\jfoenix.jar;C:\Program Files\JetBrains\IntelliJ IDEA Community Edition 2017.2.4\lib\idea_rt.jar
Launcher Type: SUN_STANDARD

Environment Variables:
JAVA_HOME=C:\Program Files\java\jdk1.8.0_111
PATH=C:\Program Files (x86)\Common Files\Oracle\Java\javapath;C:\WINDOWS\system32;C:\WINDOWS;C:\WINDOWS\System32\Wbem;C:\WINDOWS\System32\WindowsPowerShell\v1.0\;C:\Program Files\nodejs\;C:\Program Files\Git\cmd;%JAVA_HOME\bin;C:\Oracle\instantclient;C:\Program Files (x86)\Windows Kits\8.1\Windows Performance Toolkit\;C:\WINDOWS\System32\OpenSSH\;C:\Users\Tahir-PC\AppData\Roaming\npm;%USERPROFILE%\AppData\Local\Microsoft\WindowsApps;
USERNAME=Tahir-PC
OS=Windows_NT
PROCESSOR_IDENTIFIER=Intel64 Family 6 Model 26 Stepping 5, GenuineIntel



---------------  S Y S T E M  ---------------

OS: Windows 10.0 , 64 bit Build 17134 (10.0.17134.1)

CPU:total 4 (4 cores per cpu, 2 threads per core) family 6 model 26 stepping 5, cmov, cx8, fxsr, mmx, sse, sse2, sse3, ssse3, sse4.1, sse4.2, popcnt, ht, tsc, tscinvbit, tscinv

Memory: 4k page, physical 11517152k(3260592k free), swap 16235744k(2527400k free)

vm_info: Java HotSpot(TM) 64-Bit Server VM (25.101-b13) for windows-amd64 JRE (1.8.0_101-b13), built on Jun 22 2016 01:21:29 by "java_re" with MS VC++ 10.0 (VS2010)

time: Thu Jul 19 17:26:43 2018
elapsed time: 179 seconds (0d 0h 2m 59s)

